<?xml version="1.0" encoding="UTF-8"?>
<testng-results ignored="0" total="4" passed="4" failed="0" skipped="0">
  <reporter-output>
  </reporter-output>
  <suite started-at="2024-01-15T20:14:42Z" name="Default suite" finished-at="2024-01-15T20:15:21Z" duration-ms="38783">
    <groups>
      <group name="cucumber">
        <method signature="AbstractTestNGCucumberTests.runScenario(io.cucumber.testng.PickleWrapper, io.cucumber.testng.FeatureWrapper)[pri:0, instance:TestRunner.RunnerTest@7ae42ce3]" name="runScenario" class="io.cucumber.testng.AbstractTestNGCucumberTests"/>
      </group> <!-- cucumber -->
    </groups>
    <test started-at="2024-01-15T20:14:42Z" name="Default test" finished-at="2024-01-15T20:15:21Z" duration-ms="38783">
      <class name="TestRunner.RunnerTest">
        <test-method is-config="true" signature="setUpClass(org.testng.ITestContext)[pri:0, instance:TestRunner.RunnerTest@7ae42ce3]" started-at="2024-01-15T20:14:42Z" name="setUpClass" finished-at="2024-01-15T20:14:42Z" duration-ms="194" status="PASS">
          <params>
            <param index="0">
              <value>
                <![CDATA[org.testng.TestRunner@654c7d2d]]>
              </value>
            </param>
          </params>
          <reporter-output>
          </reporter-output>
        </test-method> <!-- setUpClass -->
        <test-method signature="runScenario(io.cucumber.testng.PickleWrapper, io.cucumber.testng.FeatureWrapper)[pri:0, instance:TestRunner.RunnerTest@7ae42ce3]" started-at="2024-01-15T20:14:42Z" name="runScenario" description="Runs Cucumber Scenarios" data-provider="scenarios" finished-at="2024-01-15T20:14:51Z" duration-ms="8711" status="PASS">
          <params>
            <param index="0">
              <value>
                <![CDATA["Test Login Page Functionality"]]>
              </value>
            </param>
            <param index="1">
              <value>
                <![CDATA["Test Sauce Demo Application"]]>
              </value>
            </param>
          </params>
          <reporter-output>
          </reporter-output>
        </test-method> <!-- runScenario -->
        <test-method signature="runScenario(io.cucumber.testng.PickleWrapper, io.cucumber.testng.FeatureWrapper)[pri:0, instance:TestRunner.RunnerTest@7ae42ce3]" started-at="2024-01-15T20:14:51Z" name="runScenario" description="Runs Cucumber Scenarios" data-provider="scenarios" finished-at="2024-01-15T20:15:03Z" duration-ms="12297" status="PASS">
          <params>
            <param index="0">
              <value>
                <![CDATA["Test HomePage Functionality"]]>
              </value>
            </param>
            <param index="1">
              <value>
                <![CDATA["Test Sauce Demo Application"]]>
              </value>
            </param>
          </params>
          <reporter-output>
          </reporter-output>
        </test-method> <!-- runScenario -->
        <test-method signature="runScenario(io.cucumber.testng.PickleWrapper, io.cucumber.testng.FeatureWrapper)[pri:0, instance:TestRunner.RunnerTest@7ae42ce3]" started-at="2024-01-15T20:15:03Z" name="runScenario" description="Runs Cucumber Scenarios" data-provider="scenarios" finished-at="2024-01-15T20:15:06Z" duration-ms="3118" status="PASS">
          <params>
            <param index="0">
              <value>
                <![CDATA["Test Your Cart Functionality"]]>
              </value>
            </param>
            <param index="1">
              <value>
                <![CDATA["Test Sauce Demo Application"]]>
              </value>
            </param>
          </params>
          <reporter-output>
          </reporter-output>
        </test-method> <!-- runScenario -->
        <test-method signature="runScenario(io.cucumber.testng.PickleWrapper, io.cucumber.testng.FeatureWrapper)[pri:0, instance:TestRunner.RunnerTest@7ae42ce3]" started-at="2024-01-15T20:15:06Z" name="runScenario" description="Runs Cucumber Scenarios" data-provider="scenarios" finished-at="2024-01-15T20:15:21Z" duration-ms="14417" status="PASS">
          <params>
            <param index="0">
              <value>
                <![CDATA["Test Checkout Information Functionality"]]>
              </value>
            </param>
            <param index="1">
              <value>
                <![CDATA["Test Sauce Demo Application"]]>
              </value>
            </param>
          </params>
          <reporter-output>
          </reporter-output>
        </test-method> <!-- runScenario -->
        <test-method is-config="true" signature="tearDownClass()[pri:0, instance:TestRunner.RunnerTest@7ae42ce3]" started-at="2024-01-15T20:15:21Z" name="tearDownClass" finished-at="2024-01-15T20:15:21Z" duration-ms="7" status="PASS">
          <reporter-output>
          </reporter-output>
        </test-method> <!-- tearDownClass -->
      </class> <!-- TestRunner.RunnerTest -->
    </test> <!-- Default test -->
  </suite> <!-- Default suite -->
</testng-results>
