<?xml version="1.0" encoding="UTF-8"?>
<testng-results ignored="0" total="5" passed="5" failed="0" skipped="0">
  <reporter-output>
  </reporter-output>
  <suite started-at="2024-01-15T20:29:27Z" name="Default suite" finished-at="2024-01-15T20:30:08Z" duration-ms="41501">
    <groups>
      <group name="cucumber">
        <method signature="AbstractTestNGCucumberTests.runScenario(io.cucumber.testng.PickleWrapper, io.cucumber.testng.FeatureWrapper)[pri:0, instance:TestRunner.RunnerTest@7ae42ce3]" name="runScenario" class="io.cucumber.testng.AbstractTestNGCucumberTests"/>
      </group> <!-- cucumber -->
    </groups>
    <test started-at="2024-01-15T20:29:27Z" name="Default test" finished-at="2024-01-15T20:30:08Z" duration-ms="41501">
      <class name="TestRunner.RunnerTest">
        <test-method is-config="true" signature="setUpClass(org.testng.ITestContext)[pri:0, instance:TestRunner.RunnerTest@7ae42ce3]" started-at="2024-01-15T20:29:27Z" name="setUpClass" finished-at="2024-01-15T20:29:27Z" duration-ms="189" status="PASS">
          <params>
            <param index="0">
              <value>
                <![CDATA[org.testng.TestRunner@b52b755]]>
              </value>
            </param>
          </params>
          <reporter-output>
          </reporter-output>
        </test-method> <!-- setUpClass -->
        <test-method signature="runScenario(io.cucumber.testng.PickleWrapper, io.cucumber.testng.FeatureWrapper)[pri:0, instance:TestRunner.RunnerTest@7ae42ce3]" started-at="2024-01-15T20:29:27Z" name="runScenario" description="Runs Cucumber Scenarios" data-provider="scenarios" finished-at="2024-01-15T20:29:35Z" duration-ms="8323" status="PASS">
          <params>
            <param index="0">
              <value>
                <![CDATA["Test Login Page Functionality"]]>
              </value>
            </param>
            <param index="1">
              <value>
                <![CDATA["Test Sauce Demo Application"]]>
              </value>
            </param>
          </params>
          <reporter-output>
          </reporter-output>
        </test-method> <!-- runScenario -->
        <test-method signature="runScenario(io.cucumber.testng.PickleWrapper, io.cucumber.testng.FeatureWrapper)[pri:0, instance:TestRunner.RunnerTest@7ae42ce3]" started-at="2024-01-15T20:29:35Z" name="runScenario" description="Runs Cucumber Scenarios" data-provider="scenarios" finished-at="2024-01-15T20:29:48Z" duration-ms="12316" status="PASS">
          <params>
            <param index="0">
              <value>
                <![CDATA["Test HomePage Functionality"]]>
              </value>
            </param>
            <param index="1">
              <value>
                <![CDATA["Test Sauce Demo Application"]]>
              </value>
            </param>
          </params>
          <reporter-output>
          </reporter-output>
        </test-method> <!-- runScenario -->
        <test-method signature="runScenario(io.cucumber.testng.PickleWrapper, io.cucumber.testng.FeatureWrapper)[pri:0, instance:TestRunner.RunnerTest@7ae42ce3]" started-at="2024-01-15T20:29:48Z" name="runScenario" description="Runs Cucumber Scenarios" data-provider="scenarios" finished-at="2024-01-15T20:29:51Z" duration-ms="3113" status="PASS">
          <params>
            <param index="0">
              <value>
                <![CDATA["Test Your Cart Functionality"]]>
              </value>
            </param>
            <param index="1">
              <value>
                <![CDATA["Test Sauce Demo Application"]]>
              </value>
            </param>
          </params>
          <reporter-output>
          </reporter-output>
        </test-method> <!-- runScenario -->
        <test-method signature="runScenario(io.cucumber.testng.PickleWrapper, io.cucumber.testng.FeatureWrapper)[pri:0, instance:TestRunner.RunnerTest@7ae42ce3]" started-at="2024-01-15T20:29:51Z" name="runScenario" description="Runs Cucumber Scenarios" data-provider="scenarios" finished-at="2024-01-15T20:30:05Z" duration-ms="14429" status="PASS">
          <params>
            <param index="0">
              <value>
                <![CDATA["Test Checkout Information Functionality"]]>
              </value>
            </param>
            <param index="1">
              <value>
                <![CDATA["Test Sauce Demo Application"]]>
              </value>
            </param>
          </params>
          <reporter-output>
          </reporter-output>
        </test-method> <!-- runScenario -->
        <test-method signature="runScenario(io.cucumber.testng.PickleWrapper, io.cucumber.testng.FeatureWrapper)[pri:0, instance:TestRunner.RunnerTest@7ae42ce3]" started-at="2024-01-15T20:30:05Z" name="runScenario" description="Runs Cucumber Scenarios" data-provider="scenarios" finished-at="2024-01-15T20:30:08Z" duration-ms="3102" status="PASS">
          <params>
            <param index="0">
              <value>
                <![CDATA["Test CheckoutOverviewPage Functionality"]]>
              </value>
            </param>
            <param index="1">
              <value>
                <![CDATA["Test Sauce Demo Application"]]>
              </value>
            </param>
          </params>
          <reporter-output>
          </reporter-output>
        </test-method> <!-- runScenario -->
        <test-method is-config="true" signature="tearDownClass()[pri:0, instance:TestRunner.RunnerTest@7ae42ce3]" started-at="2024-01-15T20:30:08Z" name="tearDownClass" finished-at="2024-01-15T20:30:08Z" duration-ms="9" status="PASS">
          <reporter-output>
          </reporter-output>
        </test-method> <!-- tearDownClass -->
      </class> <!-- TestRunner.RunnerTest -->
    </test> <!-- Default test -->
  </suite> <!-- Default suite -->
</testng-results>
